<?xml version="1.0" encoding="UTF-8"?>
<!-- Generated by org.testng.reporters.JUnitReportReporter -->
<testsuite hostname="PK" failures="0" tests="1" name="org.selenium.TestCase1" time="57.729" errors="0" timestamp="2022-04-13T00:53:15 IST" skipped="0">
  <testcase classname="org.selenium.TestCase1" name="testScenerio" time="57.729"/>
  <system-out/>
</testsuite> <!-- org.selenium.TestCase1 -->
